0 info it worked if it ends with ok
1 verbose cli [ 'C:\\Program Files\\nodejs\\node.exe',
1 verbose cli   'C:\\Users\\Nazar\\AppData\\Roaming\\npm\\node_modules\\npm\\bin\\npm-cli.js',
1 verbose cli   'start' ]
2 info using npm@3.10.8
3 info using node@v4.4.6
4 verbose run-script [ 'prestart', 'start', 'poststart' ]
5 info lifecycle nazarkalytiuk.github.io@1.0.0~prestart: nazarkalytiuk.github.io@1.0.0
6 silly lifecycle nazarkalytiuk.github.io@1.0.0~prestart: no script for prestart, continuing
7 info lifecycle nazarkalytiuk.github.io@1.0.0~start: nazarkalytiuk.github.io@1.0.0
8 verbose lifecycle nazarkalytiuk.github.io@1.0.0~start: unsafe-perm in lifecycle true
9 verbose lifecycle nazarkalytiuk.github.io@1.0.0~start: PATH: C:\Users\Nazar\AppData\Roaming\npm\node_modules\npm\bin\node-gyp-bin;C:\Users\Nazar\Documents\GitHub\nazarkalytiuk.github.io\node_modules\.bin;C:\ProgramData\Oracle\Java\javapath;C:\Program Files (x86)\Intel\iCLS Client\;C:\Program Files\Intel\iCLS Client\;C:\WINDOWS\system32;C:\WINDOWS;C:\WINDOWS\System32\Wbem;C:\WINDOWS\System32\WindowsPowerShell\v1.0\;C:\Program Files (x86)\Windows Live\Shared;C:\Program Files\Intel\Intel(R) Management Engine Components\DAL;C:\Program Files\Intel\Intel(R) Management Engine Components\IPT;C:\Program Files (x86)\Intel\Intel(R) Management Engine Components\DAL;C:\Program Files (x86)\Intel\Intel(R) Management Engine Components\IPT;C:\Program Files (x86)\Intel\OpenCL SDK\2.0\bin\x86;C:\Program Files (x86)\Intel\OpenCL SDK\2.0\bin\x64;C:\Program Files\Intel\WiFi\bin\;C:\Program Files\Common Files\Intel\WirelessCommon\;C:\Program Files (x86)\Skype\Phone\;C:\Program Files\Microsoft SQL Server\120\Tools\Binn\;C:\Program Files\Microsoft SQL Server\130\Tools\Binn\;C:\Program Files\Git\cmd;C:\Program Files\nodejs\;C:\Program Files\Microsoft\Web Platform Installer\;C:\Program Files (x86)\Microsoft SQL Server\110\DTS\Binn\;C:\Program Files (x86)\Microsoft SQL Server\120\DTS\Binn\;C:\Program Files (x86)\Microsoft SQL Server\130\DTS\Binn\;C:\Program Files\dotnet\;C:\Program Files (x86)\Microsoft VS Code\bin;C:\Users\Nazar\AppData\Roaming\npm;C:\Program Files\Java\jdk1.8.0_101;C:\Program Files\Java\jdk1.8.0_101\bin;%USERPROFILE%\AppData\Local\Microsoft\WindowsApps;
10 verbose lifecycle nazarkalytiuk.github.io@1.0.0~start: CWD: C:\Users\Nazar\Documents\GitHub\nazarkalytiuk.github.io
11 silly lifecycle nazarkalytiuk.github.io@1.0.0~start: Args: [ '/d /s /c',
11 silly lifecycle   'git add -A && git commit -m \'default\' && git push origin master' ]
12 silly lifecycle nazarkalytiuk.github.io@1.0.0~start: Returned: code: 1  signal: null
13 info lifecycle nazarkalytiuk.github.io@1.0.0~start: Failed to exec start script
14 verbose stack Error: nazarkalytiuk.github.io@1.0.0 start: `git add -A && git commit -m 'default' && git push origin master`
14 verbose stack Exit status 1
14 verbose stack     at EventEmitter.<anonymous> (C:\Users\Nazar\AppData\Roaming\npm\node_modules\npm\lib\utils\lifecycle.js:255:16)
14 verbose stack     at emitTwo (events.js:87:13)
14 verbose stack     at EventEmitter.emit (events.js:172:7)
14 verbose stack     at ChildProcess.<anonymous> (C:\Users\Nazar\AppData\Roaming\npm\node_modules\npm\lib\utils\spawn.js:40:14)
14 verbose stack     at emitTwo (events.js:87:13)
14 verbose stack     at ChildProcess.emit (events.js:172:7)
14 verbose stack     at maybeClose (internal/child_process.js:827:16)
14 verbose stack     at Process.ChildProcess._handle.onexit (internal/child_process.js:211:5)
15 verbose pkgid nazarkalytiuk.github.io@1.0.0
16 verbose cwd C:\Users\Nazar\Documents\GitHub\nazarkalytiuk.github.io
17 error Windows_NT 10.0.14393
18 error argv "C:\\Program Files\\nodejs\\node.exe" "C:\\Users\\Nazar\\AppData\\Roaming\\npm\\node_modules\\npm\\bin\\npm-cli.js" "start"
19 error node v4.4.6
20 error npm  v3.10.8
21 error code ELIFECYCLE
22 error nazarkalytiuk.github.io@1.0.0 start: `git add -A && git commit -m 'default' && git push origin master`
22 error Exit status 1
23 error Failed at the nazarkalytiuk.github.io@1.0.0 start script 'git add -A && git commit -m 'default' && git push origin master'.
23 error Make sure you have the latest version of node.js and npm installed.
23 error If you do, this is most likely a problem with the nazarkalytiuk.github.io package,
23 error not with npm itself.
23 error Tell the author that this fails on your system:
23 error     git add -A && git commit -m 'default' && git push origin master
23 error You can get information on how to open an issue for this project with:
23 error     npm bugs nazarkalytiuk.github.io
23 error Or if that isn't available, you can get their info via:
23 error     npm owner ls nazarkalytiuk.github.io
23 error There is likely additional logging output above.
24 verbose exit [ 1, true ]
